<?xml version="1.0" encoding="UTF-8"?>
<!-- Generated by org.testng.reporters.JUnitReportReporter -->
<testsuite name="com.qa.FB.TestRunner.ReadExcelTestRunner" tests="1" time="48.708" ignored="0" failures="0" timestamp="03 Feb 2018 17:56:28 GMT" skipped="0" hostname="DESKTOP-3ND57S0" errors="0">
  <testcase name="feature" time="48.708" classname="com.qa.FB.TestRunner.ReadExcelTestRunner"/>
</testsuite> <!-- com.qa.FB.TestRunner.ReadExcelTestRunner -->
